[imedical-theme.firebaseapp.com/index.html]
[backblue.gif]
[fade.gif]
[index.html]
[imedical-theme.firebaseapp.com/assets/images/favicon/favicon.png]
[imedical-theme.firebaseapp.com/assets/css/bootstrap.min.css]
[imedical-theme.firebaseapp.com/assets/vendors/font-awesome/css/font-awesome.min.css]
[imedical-theme.firebaseapp.com/assets/vendors/linearicons/css/linearicons.css]
[imedical-theme.firebaseapp.com/assets/vendors/webfont-medical-icons/css/wfmi-style.css]
[imedical-theme.firebaseapp.com/assets/vendors/owl-carousel/owl.carousel.min.css]
[imedical-theme.firebaseapp.com/assets/vendors/owl-carousel/owl.theme.min.css]
[imedical-theme.firebaseapp.com/assets/vendors/magnific-popup/css/magnific-popup.css]
[imedical-theme.firebaseapp.com/assets/vendors/YTPlayer/css/jquery.mb.YTPlayer.min.css]
[imedical-theme.firebaseapp.com/assets/vendors/bootstrap-datepicker/css/bootstrap.datepicker.css]
[imedical-theme.firebaseapp.com/assets/css/base.css]
[imedical-theme.firebaseapp.com/assets/css/style.css]
[imedical-theme.firebaseapp.com/assets/css/demo.css]
[imedical-theme.firebaseapp.com/index.php]
[imedical-theme.firebaseapp.com/assets/images/logo.png]
[imedical-theme.firebaseapp.com/assets/images/preloader.gif]
[imedical-theme.firebaseapp.com/index-3.html]
[imedical-theme.firebaseapp.com/about.html]
[imedical-theme.firebaseapp.com/index-02.html]
[imedical-theme.firebaseapp.com/services.html]
[imedical-theme.firebaseapp.com/service-details.html]
[imedical-theme.firebaseapp.com/doctors-list.html]
[imedical-theme.firebaseapp.com/doctor-details.html]
[imedical-theme.firebaseapp.com/blog-classic.html]
[imedical-theme.firebaseapp.com/doctors-grid.html]
[imedical-theme.firebaseapp.com/blog-grid.html]
[imedical-theme.firebaseapp.com/blog-list.html]
[imedical-theme.firebaseapp.com/blog-single.html]
[imedical-theme.firebaseapp.com/appointment.html]
[imedical-theme.firebaseapp.com/gallery-01.html]
[imedical-theme.firebaseapp.com/gallery-02.html]
[imedical-theme.firebaseapp.com/departments.html]
[imedical-theme.firebaseapp.com/pricing-tables.html]
[imedical-theme.firebaseapp.com/department-single.html]
[imedical-theme.firebaseapp.com/testimonials.html]
[imedical-theme.firebaseapp.com/coming-soon.html]
[imedical-theme.firebaseapp.com/faq.html]
[imedical-theme.firebaseapp.com/contact-us.html]
[imedical-theme.firebaseapp.com/404.html]
[imedical-theme.firebaseapp.com/assets/images/slider/02.jpg]
[imedical-theme.firebaseapp.com/assets/images/slider/03.jpg]
[imedical-theme.firebaseapp.com/assets/images/slider/04.jpg]
[imedical-theme.firebaseapp.com/assets/images/icon.png]
[imedical-theme.firebaseapp.com/assets/images/services/01.jpg]
[imedical-theme.firebaseapp.com/assets/images/slider/01.jpg]
[imedical-theme.firebaseapp.com/assets/images/slider/05.jpg]
[imedical-theme.firebaseapp.com/assets/images/services/03.jpg]
[imedical-theme.firebaseapp.com/assets/images/about/about-03.png]
[imedical-theme.firebaseapp.com/assets/images/services/02.jpg]
[imedical-theme.firebaseapp.com/assets/images/video/bg.jpg]
[imedical-theme.firebaseapp.com/assets/images/services/04.jpg]
[imedical-theme.firebaseapp.com/assets/images/services/06.jpg]
[imedical-theme.firebaseapp.com/assets/images/appointment/img-01.png]
[imedical-theme.firebaseapp.com/assets/images/doctors/02.jpg]
[imedical-theme.firebaseapp.com/assets/images/testimonial/01.jpg]
[imedical-theme.firebaseapp.com/assets/images/doctors/01.jpg]
[imedical-theme.firebaseapp.com/assets/images/doctors/03.jpg]
[imedical-theme.firebaseapp.com/assets/images/testimonial/02.jpg]
[imedical-theme.firebaseapp.com/assets/images/testimonial/03.jpg]
[imedical-theme.firebaseapp.com/assets/images/blog/news_02.jpg]
[imedical-theme.firebaseapp.com/assets/images/blog/news_01.jpg]
[imedical-theme.firebaseapp.com/assets/images/background/bg-02.jpg]
[imedical-theme.firebaseapp.com/assets/images/instagram/1.jpg]
[imedical-theme.firebaseapp.com/assets/images/blog/news_04.jpg]
[imedical-theme.firebaseapp.com/assets/images/instagram/2.jpg]
[imedical-theme.firebaseapp.com/assets/images/instagram/3.jpg]
[imedical-theme.firebaseapp.com/assets/images/instagram/4.jpg]
[imedical-theme.firebaseapp.com/assets/images/instagram/5.jpg]
[imedical-theme.firebaseapp.com/assets/images/instagram/6.jpg]
[imedical-theme.firebaseapp.com/assets/js/bootstrap.min.js]
[imedical-theme.firebaseapp.com/assets/js/jquery-1.12.3.min.js]
[imedical-theme.firebaseapp.com/assets/vendors/owl-carousel/owl.carousel.min.js]
[imedical-theme.firebaseapp.com/assets/vendors/magnific-popup/js/jquery.magnific-popup.min.js]
[imedical-theme.firebaseapp.com/assets/vendors/jquery.easing.1.3.min.js]
[imedical-theme.firebaseapp.com/assets/images/services/05.jpg]
[imedical-theme.firebaseapp.com/assets/vendors/jquery.mixitup.js]
[imedical-theme.firebaseapp.com/assets/vendors/bootstrap-datepicker/js/bootstrap-datepicker.js]
[imedical-theme.firebaseapp.com/assets/vendors/YTPlayer/js/jquery.mb.YTPlayer.min.js]
[imedical-theme.firebaseapp.com/assets/js/main.js]
[imedical-theme.firebaseapp.com/assets/js/demo.js]
[imedical-theme.firebaseapp.com/index.html]
[imedical-theme.firebaseapp.com/assets/fonts/glyphicons-halflings-regular.eot]
[imedical-theme.firebaseapp.com/assets/fonts/glyphicons-halflings-regular.woff2]
[imedical-theme.firebaseapp.com/assets/fonts/glyphicons-halflings-regular-.eot]
[imedical-theme.firebaseapp.com/assets/fonts/glyphicons-halflings-regular.woff]
[imedical-theme.firebaseapp.com/assets/fonts/glyphicons-halflings-regular.ttf]
[imedical-theme.firebaseapp.com/assets/css/bootstrap.min.css]
[imedical-theme.firebaseapp.com/assets/fonts/glyphicons-halflings-regular.svg]
[imedical-theme.firebaseapp.com/assets/vendors/font-awesome/fonts/fontawesome-webfont-.eot]
[imedical-theme.firebaseapp.com/assets/images/blog/news_03.jpg]
[imedical-theme.firebaseapp.com/assets/vendors/font-awesome/fonts/fontawesome-webfont-v=4.6.3.woff2]
[imedical-theme.firebaseapp.com/assets/vendors/font-awesome/fonts/fontawesome-webfont-v=4.6.3.eot]
[imedical-theme.firebaseapp.com/assets/vendors/font-awesome/fonts/fontawesome-webfont-v=4.6.3.woff]
[imedical-theme.firebaseapp.com/assets/vendors/font-awesome/css/font-awesome.min.css]
[imedical-theme.firebaseapp.com/assets/vendors/linearicons/fonts/Linearicons-Free-w118d.eot]
[imedical-theme.firebaseapp.com/assets/vendors/linearicons/fonts/Linearicons-Free-w118d.woff2]
[imedical-theme.firebaseapp.com/assets/vendors/font-awesome/fonts/fontawesome-webfont-v=4.6.3.svg]
[imedical-theme.firebaseapp.com/assets/vendors/linearicons/fonts/Linearicons-Free-w118d.woff]
[imedical-theme.firebaseapp.com/assets/vendors/linearicons/fonts/Linearicons-Free-.eot]
[imedical-theme.firebaseapp.com/assets/vendors/linearicons/css/linearicons.css]
[imedical-theme.firebaseapp.com/assets/vendors/linearicons/fonts/Linearicons-Free-w118d.ttf]
[imedical-theme.firebaseapp.com/assets/vendors/font-awesome/fonts/fontawesome-webfont-v=4.6.3.ttf]
[imedical-theme.firebaseapp.com/assets/vendors/linearicons/fonts/Linearicons-Free-w118d.svg]
[imedical-theme.firebaseapp.com/assets/vendors/webfont-medical-icons/fonts/webfont-medical-icons.ttf]
[imedical-theme.firebaseapp.com/assets/vendors/webfont-medical-icons/fonts/webfont-medical-iconsd41d.eot]
[imedical-theme.firebaseapp.com/assets/vendors/webfont-medical-icons/css/wfmi-style.css]
[imedical-theme.firebaseapp.com/assets/vendors/webfont-medical-icons/fonts/webfont-medical-icons.eot]
[imedical-theme.firebaseapp.com/assets/vendors/owl-carousel/owl.carousel.min.css]
[imedical-theme.firebaseapp.com/assets/vendors/owl-carousel/owl.theme.min.css]
[imedical-theme.firebaseapp.com/assets/vendors/magnific-popup/css/magnific-popup.css]
[imedical-theme.firebaseapp.com/assets/vendors/YTPlayer/css/font/ytp-regular.eot]
[imedical-theme.firebaseapp.com/assets/vendors/YTPlayer/css/jquery.mb.YTPlayer.min.css]
[imedical-theme.firebaseapp.com/assets/vendors/bootstrap-datepicker/css/bootstrap.datepicker.css]
[imedical-theme.firebaseapp.com/assets/images/icons/select-arrow.png]
[imedical-theme.firebaseapp.com/assets/css/base.css]
[imedical-theme.firebaseapp.com/assets/vendors/webfont-medical-icons/fonts/webfont-medical-icons.woff]
[imedical-theme.firebaseapp.com/assets/css/style.css]
[imedical-theme.firebaseapp.com/assets/css/demo.css]
[imedical-theme.firebaseapp.com/index-2.html]
[imedical-theme.firebaseapp.com/index-3.html]
[imedical-theme.firebaseapp.com/assets/images/video/play.png]
[imedical-theme.firebaseapp.com/assets/images/icons/s-02.png]
[imedical-theme.firebaseapp.com/assets/images/icons/s-01.png]
[imedical-theme.firebaseapp.com/assets/images/icons/s-04.png]
[imedical-theme.firebaseapp.com/assets/images/icons/i-02.png]
[imedical-theme.firebaseapp.com/assets/vendors/webfont-medical-icons/fonts/webfont-medical-icons.svg]
[imedical-theme.firebaseapp.com/assets/images/icons/i-03.png]
[imedical-theme.firebaseapp.com/assets/images/icons/i-10.png]
[imedical-theme.firebaseapp.com/assets/images/icons/i-05.png]
[imedical-theme.firebaseapp.com/assets/images/icons/s-03.png]
[imedical-theme.firebaseapp.com/assets/images/icons/i-06.png]
[imedical-theme.firebaseapp.com/assets/images/icons/i-07.png]
[imedical-theme.firebaseapp.com/assets/images/about/about.jpg]
[imedical-theme.firebaseapp.com/assets/images/doctors/doc-01.jpg]
[imedical-theme.firebaseapp.com/assets/images/doctors/doc-03.jpg]
[imedical-theme.firebaseapp.com/assets/images/doctors/doc-02.jpg]
[imedical-theme.firebaseapp.com/images/home/6.jpg]
[imedical-theme.firebaseapp.com/assets/images/gallery/01.jpg]
[imedical-theme.firebaseapp.com/assets/images/gallery/03.jpg]
[imedical-theme.firebaseapp.com/assets/images/gallery/02.jpg]
[imedical-theme.firebaseapp.com/assets/images/gallery/04.jpg]
[imedical-theme.firebaseapp.com/assets/images/gallery/05.jpg]
[imedical-theme.firebaseapp.com/assets/images/gallery/06.jpg]
[imedical-theme.firebaseapp.com/blog_single_standard.html]
[imedical-theme.firebaseapp.com/blog_single.html]
[imedical-theme.firebaseapp.com/assets/images/background/bg-01.jpg]
[imedical-theme.firebaseapp.com/assets/images/blog/post-03.jpg]
[imedical-theme.firebaseapp.com/assets/images/brands/logo1.png]
[imedical-theme.firebaseapp.com/assets/images/blog/post-04.jpg]
[imedical-theme.firebaseapp.com/assets/images/blog/post-02.jpg]
[imedical-theme.firebaseapp.com/assets/images/brands/logo2.png]
[imedical-theme.firebaseapp.com/assets/images/brands/logo3.png]
[imedical-theme.firebaseapp.com/assets/images/brands/logo4.png]
[imedical-theme.firebaseapp.com/index-02.html]
[imedical-theme.firebaseapp.com/assets/images/brands/logo6.png]
[imedical-theme.firebaseapp.com/doctor-details]
[imedical-theme.firebaseapp.com/assets/images/about/about-02.jpg]
[imedical-theme.firebaseapp.com/assets/images/gallery/2.jpg]
[imedical-theme.firebaseapp.com/assets/images/gallery/1.jpg]
[imedical-theme.firebaseapp.com/assets/images/gallery/4.jpg]
[imedical-theme.firebaseapp.com/assets/images/gallery/3.jpg]
[imedical-theme.firebaseapp.com/assets/images/gallery/5.jpg]
[imedical-theme.firebaseapp.com/assets/images/gallery/6.jpg]
[imedical-theme.firebaseapp.com/about.html]
[imedical-theme.firebaseapp.com/assets/images/gallery/7.jpg]
[imedical-theme.firebaseapp.com/assets/images/about/department-02.jpg]
[imedical-theme.firebaseapp.com/services.html]
[imedical-theme.firebaseapp.com/assets/images/about/department.jpg]
[imedical-theme.firebaseapp.com/service-details.html]
[imedical-theme.firebaseapp.com/assets/images/blog/post-01.jpg]
[imedical-theme.firebaseapp.com/assets/images/gallery/8.jpg]
[imedical-theme.firebaseapp.com/assets/images/doctors/doc-04.jpg]
[imedical-theme.firebaseapp.com/doctors-grid.html]
[imedical-theme.firebaseapp.com/team-single.html]
[imedical-theme.firebaseapp.com/assets/images/doctors/doc-05.jpg]
[imedical-theme.firebaseapp.com/doctors-list.html]
[imedical-theme.firebaseapp.com/doctor-details.html]
[imedical-theme.firebaseapp.com/assets/images/services/s-01.jpg]
[imedical-theme.firebaseapp.com/assets/images/doctors/doc-06.jpg]
[imedical-theme.firebaseapp.com/assets/images/doctors/04.jpg]
[imedical-theme.firebaseapp.com/assets/images/blog/blog-02.jpg]
[imedical-theme.firebaseapp.com/assets/images/blog/blog-04.jpg]
[imedical-theme.firebaseapp.com/assets/images/blog/thumb_1.jpg]
[imedical-theme.firebaseapp.com/assets/images/blog/thumb_2.jpg]
[imedical-theme.firebaseapp.com/assets/images/blog/thumb_3.jpg]
[imedical-theme.firebaseapp.com/assets/images/blog/blog-03.jpg]
[imedical-theme.firebaseapp.com/assets/images/blog/thumb_4.jpg]
[imedical-theme.firebaseapp.com/assets/images/blog/thumb_5.jpg]
[imedical-theme.firebaseapp.com/blog-classic.html]
[imedical-theme.firebaseapp.com/assets/images/blog/blog-01.jpg]
[imedical-theme.firebaseapp.com/assets/images/blog/post-05.jpg]
[imedical-theme.firebaseapp.com/assets/images/blog/post-08.jpg]
[imedical-theme.firebaseapp.com/assets/images/blog/post-09.jpg]
[imedical-theme.firebaseapp.com/assets/images/blog/post-10.jpg]
[imedical-theme.firebaseapp.com/blog-grid.html]
[imedical-theme.firebaseapp.com/blog-list.html]
[imedical-theme.firebaseapp.com/assets/images/blog/author.jpg]
[imedical-theme.firebaseapp.com/assets/images/blog/post-12.jpg]
[imedical-theme.firebaseapp.com/assets/images/comments/01.jpg]
[imedical-theme.firebaseapp.com/assets/images/comments/02.jpg]
[imedical-theme.firebaseapp.com/blog-single.html]
[imedical-theme.firebaseapp.com/appointment.html]
[imedical-theme.firebaseapp.com/assets/images/comments/03.jpg]
[imedical-theme.firebaseapp.com/assets/images/blog/post-06.jpg]
[imedical-theme.firebaseapp.com/assets/images/blog/post-11.jpg]
[imedical-theme.firebaseapp.com/assets/images/gallery/08.jpg]
[imedical-theme.firebaseapp.com/assets/images/gallery/07.jpg]
[imedical-theme.firebaseapp.com/assets/images/gallery/09.jpg]
[imedical-theme.firebaseapp.com/gallery-01.html]
[imedical-theme.firebaseapp.com/gallery-02.html]
[imedical-theme.firebaseapp.com/assets/images/gallery/10.jpg]
[imedical-theme.firebaseapp.com/assets/images/department/01.jpg]
[imedical-theme.firebaseapp.com/assets/images/department/02.jpg]
[imedical-theme.firebaseapp.com/assets/images/gallery/12.jpg]
[imedical-theme.firebaseapp.com/assets/images/department/04.jpg]
[imedical-theme.firebaseapp.com/assets/images/department/03.jpg]
[imedical-theme.firebaseapp.com/assets/images/department/05.jpg]
[imedical-theme.firebaseapp.com/assets/images/department/06.jpg]
[imedical-theme.firebaseapp.com/single-departement.html]
[imedical-theme.firebaseapp.com/departments.html]
[imedical-theme.firebaseapp.com/assets/images/gallery/11.jpg]
[imedical-theme.firebaseapp.com/assets/images/department/img-01.jpg]
[imedical-theme.firebaseapp.com/department-single.html]
[imedical-theme.firebaseapp.com/pricing-tables.html]
[imedical-theme.firebaseapp.com/testimonials.html]
[imedical-theme.firebaseapp.com/assets/fonts/montserrat/css/montserrat.css]
[imedical-theme.firebaseapp.com/assets/images/department/img-03.jpg]
[imedical-theme.firebaseapp.com/assets/images/department/img-02.jpg]
[imedical-theme.firebaseapp.com/assets/images/logo-light.png]
[imedical-theme.firebaseapp.com/assets/js/countdown.js]
[imedical-theme.firebaseapp.com/coming-soon.html]
[imedical-theme.firebaseapp.com/faq.html]
[imedical-theme.firebaseapp.com/404.html]
[imedical-theme.firebaseapp.com/contact-us.html]
[imedical-theme.firebaseapp.com/assets/fonts/glyphicons-halflings-regular.svg]
[imedical-theme.firebaseapp.com/assets/vendors/font-awesome/fonts/fontawesome-webfont-v=4.6.3.svg]
[imedical-theme.firebaseapp.com/assets/vendors/linearicons/fonts/Linearicons-Free-w118d.svg]
[imedical-theme.firebaseapp.com/assets/vendors/webfont-medical-icons/fonts/webfont-medical-icons.svg]
[imedical-theme.firebaseapp.com/assets/vendors/YTPlayer/css/font/ytp-regular.html]
[imedical-theme.firebaseapp.com/images/home/6.html]
[imedical-theme.firebaseapp.com/blog_single_standard.html]
[imedical-theme.firebaseapp.com/blog_single.html]
[imedical-theme.firebaseapp.com/doctor-details-2.html]
[imedical-theme.firebaseapp.com/team-single.html]
[imedical-theme.firebaseapp.com/single-departement.html]
[imedical-theme.firebaseapp.com/assets/fonts/montserrat/css/montserrat.html]
[imedical-theme.firebaseapp.com/assets/images/404.jpg]
[imedical-theme.firebaseapp.com/assets/images/blog/post-07.jpg]
[localhost/www/deals/assets/vendors/owl-carousel/owl.video.play.png]
